<?xml version="1.0" encoding="UTF-8"?>
<!-- Generated by org.testng.reporters.JUnitXMLReporter -->
<testsuite ignored="1" hostname="DESKTOP-CVD89PB" failures="0" tests="1" name="Test" time="31.373" errors="0" timestamp="2023-09-11T11:43:27 IST">
  <testcase classname="COM.CRM.VTiger.ContactTest.CreateContactTest" name="create" time="0.019"/>
  <testcase classname="COM.CRM.VTiger.ContactTest.CreateContactTest" name="verifyUserCreateContactTest" time="0.0">
    <ignored/>
  </testcase> <!-- verifyUserCreateContactTest -->
</testsuite> <!-- Test -->
